2025-05-03 08:43:42,382 - INFO -  Starte Reddit-Scraping...
2025-05-03 08:43:49,789 - INFO -  127 Einträge gespeichert unter /app/data/raw/reddit_data.csv
2025-05-03 08:44:54,871 - INFO -  Starte Reddit-Scraping...
2025-05-03 08:45:00,997 - INFO -  133 Einträge gespeichert unter /app/data/raw/reddit_data.csv
2025-05-03 08:43:42,382 - INFO -  Starte Reddit-Scraping...
2025-05-03 08:43:49,789 - INFO -  127 Einträge gespeichert unter /app/data/raw/reddit_data.csv
2025-05-03 08:44:54,871 - INFO -  Starte Reddit-Scraping...
2025-05-03 08:45:00,997 - INFO -  133 Einträge gespeichert unter /app/data/raw/reddit_data.csv
2025-05-03 08:48:03,879 - INFO -  Starte Reddit-Scraping...
2025-05-03 08:48:10,076 - INFO -  133 Einträge gespeichert unter /app/data/raw/reddit_data.csv
2025-05-03 08:51:19,679 - INFO -  Starte Reddit-Scraping...
2025-05-03 08:51:27,179 - INFO -  133 Einträge gespeichert unter /app/data/raw/reddit_data.csv
2025-05-03 08:58:15,956 - INFO -  Starte Reddit-Scraping...
2025-05-03 08:58:22,500 - INFO -  128 Einträge gespeichert unter /app/data/raw/reddit_data.csv
2025-05-03 08:43:42,382 - INFO -  Starte Reddit-Scraping...
2025-05-03 08:43:49,789 - INFO -  127 Einträge gespeichert unter /app/data/raw/reddit_data.csv
2025-05-03 08:44:54,871 - INFO -  Starte Reddit-Scraping...
2025-05-03 08:45:00,997 - INFO -  133 Einträge gespeichert unter /app/data/raw/reddit_data.csv
2025-05-03 08:48:03,879 - INFO -  Starte Reddit-Scraping...
2025-05-03 08:48:10,076 - INFO -  133 Einträge gespeichert unter /app/data/raw/reddit_data.csv
2025-05-03 08:51:19,679 - INFO -  Starte Reddit-Scraping...
2025-05-03 08:51:27,179 - INFO -  133 Einträge gespeichert unter /app/data/raw/reddit_data.csv
2025-05-03 08:55:28,079 - INFO -  Starte Reddit-Scraping...
2025-05-03 08:55:34,525 - INFO -  133 Einträge gespeichert unter /app/data/raw/reddit_data.csv
2025-05-03 09:07:19,384 - INFO -  Starte Reddit-Scraping...
2025-05-03 09:07:26,283 - INFO -  133 Einträge gespeichert unter /app/data/raw/reddit_data.csv
{"detail":"Logdatei nicht gefunden"}2025-05-03 10:05:42,876 - INFO -  Starte Reddit-Scraping...
2025-05-03 10:05:49,651 - INFO -  137 Einträge gespeichert unter /app/data/raw/reddit_data.csv
2025-05-03 11:43:36,545 - INFO -  Starte Reddit-Scraping...
2025-05-03 11:43:43,725 - INFO -  142 Einträge gespeichert unter /app/data/raw/reddit_data.csv
2025-05-03 11:45:11,444 - INFO -  Starte Reddit-Scraping...
2025-05-03 11:45:18,756 - INFO -  142 Einträge gespeichert unter /app/data/raw/reddit_data.csv
2025-05-03 11:46:36,106 - INFO -  Starte Reddit-Scraping...
2025-05-03 11:46:42,786 - INFO -  142 Einträge gespeichert unter /app/data/raw/reddit_data.csv
2025-05-03 11:50:02,488 - INFO -  Starte Reddit-Scraping...
2025-05-03 11:50:09,832 - INFO -  143 Einträge gespeichert unter /app/data/raw/reddit_data.csv
2025-05-03 11:51:26,045 - INFO -  Starte Reddit-Scraping...
2025-05-03 11:51:32,525 - INFO -  143 Einträge gespeichert unter /app/data/raw/reddit_data.csv
2025-05-03 12:25:51,789 - INFO -  Starte Reddit-Scraping...
2025-05-03 12:25:58,645 - INFO -  143 Einträge gespeichert unter /app/data/raw/reddit_data.csv
2025-05-03 13:01:18,252 - INFO -  Starte Reddit-Scraping...
2025-05-03 13:01:24,950 - INFO -  144 Einträge gespeichert unter /app/data/raw/reddit_data.csv
2025-05-03 13:31:43,504 - INFO -  Starte Reddit-Scraping...
2025-05-03 13:31:50,552 - INFO -  147 Einträge gespeichert unter /app/data/raw/reddit_data.csv
2025-05-03 13:44:08,366 - INFO -  Starte Reddit-Scraping...
2025-05-03 13:44:15,116 - INFO -  147 Einträge gespeichert unter /app/data/raw/reddit_data.csv
2025-05-03 13:56:30,408 - INFO -  Starte Reddit-Scraping...
2025-05-03 13:56:37,256 - INFO -  148 Einträge gespeichert unter /app/data/raw/reddit_data.csv
2025-05-03 14:21:53,132 - INFO -  Starte Reddit-Scraping...
2025-05-03 14:22:00,858 - INFO -  148 Einträge gespeichert unter /app/data/raw/reddit_data.csv
2025-05-03 14:23:17,992 - INFO -  Starte Reddit-Scraping...
2025-05-03 14:23:25,688 - INFO -  151 Einträge gespeichert unter /app/data/raw/reddit_data.csv
2025-05-03 14:39:42,312 - INFO -  Starte Reddit-Scraping...
2025-05-03 14:39:48,610 - INFO -  151 Einträge gespeichert unter /app/data/raw/reddit_data.csv
python: can't open file '/app/scheduler/scheduler/jobs/reddit_scraper.py': [Errno 2] No such file or directory
2025-05-03 14:52:08,461 - INFO -  Starte Reddit-Scraping...
2025-05-03 14:52:14,897 - INFO -  151 Einträge gespeichert unter /app/data/raw/reddit_data.csv
2025-05-03 08:43:42,382 - INFO -  Starte Reddit-Scraping...
2025-05-03 08:43:49,789 - INFO -  127 Einträge gespeichert unter /app/data/raw/reddit_data.csv
2025-05-03 08:44:54,871 - INFO -  Starte Reddit-Scraping...
2025-05-03 08:45:00,997 - INFO -  133 Einträge gespeichert unter /app/data/raw/reddit_data.csv
2025-05-03 08:43:42,382 - INFO -  Starte Reddit-Scraping...
2025-05-03 08:43:49,789 - INFO -  127 Einträge gespeichert unter /app/data/raw/reddit_data.csv
2025-05-03 08:44:54,871 - INFO -  Starte Reddit-Scraping...
2025-05-03 08:45:00,997 - INFO -  133 Einträge gespeichert unter /app/data/raw/reddit_data.csv
2025-05-03 08:48:03,879 - INFO -  Starte Reddit-Scraping...
2025-05-03 08:48:10,076 - INFO -  133 Einträge gespeichert unter /app/data/raw/reddit_data.csv
2025-05-03 08:51:19,679 - INFO -  Starte Reddit-Scraping...
2025-05-03 08:51:27,179 - INFO -  133 Einträge gespeichert unter /app/data/raw/reddit_data.csv
2025-05-03 08:58:15,956 - INFO -  Starte Reddit-Scraping...
2025-05-03 08:58:22,500 - INFO -  128 Einträge gespeichert unter /app/data/raw/reddit_data.csv
2025-05-03 08:43:42,382 - INFO -  Starte Reddit-Scraping...
2025-05-03 08:43:49,789 - INFO -  127 Einträge gespeichert unter /app/data/raw/reddit_data.csv
2025-05-03 08:44:54,871 - INFO -  Starte Reddit-Scraping...
2025-05-03 08:45:00,997 - INFO -  133 Einträge gespeichert unter /app/data/raw/reddit_data.csv
2025-05-03 08:48:03,879 - INFO -  Starte Reddit-Scraping...
2025-05-03 08:48:10,076 - INFO -  133 Einträge gespeichert unter /app/data/raw/reddit_data.csv
2025-05-03 08:51:19,679 - INFO -  Starte Reddit-Scraping...
2025-05-03 08:51:27,179 - INFO -  133 Einträge gespeichert unter /app/data/raw/reddit_data.csv
2025-05-03 08:55:28,079 - INFO -  Starte Reddit-Scraping...
2025-05-03 08:55:34,525 - INFO -  133 Einträge gespeichert unter /app/data/raw/reddit_data.csv
2025-05-03 09:07:19,384 - INFO -  Starte Reddit-Scraping...
2025-05-03 09:07:26,283 - INFO -  133 Einträge gespeichert unter /app/data/raw/reddit_data.csv
{"detail":"Logdatei nicht gefunden"}2025-05-03 10:05:42,876 - INFO -  Starte Reddit-Scraping...
2025-05-03 10:05:49,651 - INFO -  137 Einträge gespeichert unter /app/data/raw/reddit_data.csv
2025-05-03 11:43:36,545 - INFO -  Starte Reddit-Scraping...
2025-05-03 11:43:43,725 - INFO -  142 Einträge gespeichert unter /app/data/raw/reddit_data.csv
2025-05-03 11:45:11,444 - INFO -  Starte Reddit-Scraping...
2025-05-03 11:45:18,756 - INFO -  142 Einträge gespeichert unter /app/data/raw/reddit_data.csv
2025-05-03 11:46:36,106 - INFO -  Starte Reddit-Scraping...
2025-05-03 11:46:42,786 - INFO -  142 Einträge gespeichert unter /app/data/raw/reddit_data.csv
2025-05-03 11:50:02,488 - INFO -  Starte Reddit-Scraping...
2025-05-03 11:50:09,832 - INFO -  143 Einträge gespeichert unter /app/data/raw/reddit_data.csv
2025-05-03 11:51:26,045 - INFO -  Starte Reddit-Scraping...
2025-05-03 11:51:32,525 - INFO -  143 Einträge gespeichert unter /app/data/raw/reddit_data.csv
2025-05-03 12:25:51,789 - INFO -  Starte Reddit-Scraping...
2025-05-03 12:25:58,645 - INFO -  143 Einträge gespeichert unter /app/data/raw/reddit_data.csv
2025-05-03 13:01:18,252 - INFO -  Starte Reddit-Scraping...
2025-05-03 13:01:24,950 - INFO -  144 Einträge gespeichert unter /app/data/raw/reddit_data.csv
2025-05-03 13:31:43,504 - INFO -  Starte Reddit-Scraping...
2025-05-03 13:31:50,552 - INFO -  147 Einträge gespeichert unter /app/data/raw/reddit_data.csv
2025-05-03 13:44:08,366 - INFO -  Starte Reddit-Scraping...
2025-05-03 13:44:15,116 - INFO -  147 Einträge gespeichert unter /app/data/raw/reddit_data.csv
2025-05-03 13:56:30,408 - INFO -  Starte Reddit-Scraping...
2025-05-03 13:56:37,256 - INFO -  148 Einträge gespeichert unter /app/data/raw/reddit_data.csv
python: can't open file '/app/scheduler/scheduler/jobs/reddit_scraper.py': [Errno 2] No such file or directory
python: can't open file '/app/scheduler/scheduler/jobs/reddit_scraper.py': [Errno 2] No such file or directory
python: can't open file '/app/scheduler/scheduler/jobs/reddit_scraper.py': [Errno 2] No such file or directory
python: can't open file '/app/scheduler/scheduler/jobs/reddit_scraper.py': [Errno 2] No such file or directory
2025-05-03 17:57:28,642 - INFO -  Starte Reddit-Scraping...
2025-05-03 17:57:35,624 - ERROR -  Fehler beim Reddit-Scraping: Error tokenizing data. C error: Expected 16 fields in line 165, saw 18

python: can't open file '/app/scheduler/scheduler/jobs/reddit_scraper.py': [Errno 2] No such file or directory
python: can't open file '/app/scheduler/scheduler/jobs/reddit_scraper.py': [Errno 2] No such file or directory
2025-05-03 21:21:18,807 - INFO -  Starte Reddit-Scraping...
2025-05-03 21:21:26,554 - ERROR -  Fehler beim Reddit-Scraping: Error tokenizing data. C error: Expected 16 fields in line 165, saw 18

2025-05-03 21:23:47,459 - INFO -  Starte Reddit-Scraping...
2025-05-03 21:23:54,099 - ERROR -  Fehler beim Reddit-Scraping: Error tokenizing data. C error: Expected 16 fields in line 165, saw 18

2025-05-03 21:26:33,258 - INFO -  Starte Reddit-Scraping...
2025-05-03 21:26:40,789 - ERROR -  Fehler beim Reddit-Scraping: read_csv() got an unexpected keyword argument 'error_bad_lines'
2025-05-03 21:28:00,629 - INFO -  Starte Reddit-Scraping...
/app/scheduler/jobs/reddit_scraper.py:61: ParserWarning: Skipping line 165: expected 16 fields, saw 18

  df_existing = pd.read_csv(csv_path, on_bad_lines='warn')
2025-05-03 21:28:06,972 - INFO -  160 Einträge gespeichert unter /app/data/raw/reddit_data.csv
2025-05-03 21:38:23,270 - INFO -  Starte Reddit-Scraping...
2025-05-03 21:38:30,032 - INFO -  162 Einträge gespeichert unter /app/data/raw/reddit_data.csv
2025-05-03 21:50:47,092 - INFO -  Starte Reddit-Scraping...
2025-05-03 21:50:54,406 - INFO -  277 Einträge gespeichert unter /app/data/raw/reddit_data.csv
2025-05-03 21:54:08,710 - INFO -  Starte Reddit-Scraping...
2025-05-03 21:54:15,069 - INFO -  277 Einträge gespeichert unter /app/data/raw/reddit_data.csv
2025-05-03 22:21:44,581 - INFO -  Starte Reddit-Scraping...
2025-05-03 22:21:51,432 - INFO -  278 Einträge gespeichert unter /app/data/raw/reddit_data.csv
2025-05-03 22:34:08,824 - INFO -  Starte Reddit-Scraping...
2025-05-03 22:34:15,635 - INFO -  278 Einträge gespeichert unter /app/data/raw/reddit_data.csv
2025-05-03 23:52:12,148 - INFO -  Starte Reddit-Scraping...
2025-05-03 23:52:20,087 - INFO -  281 Einträge gespeichert unter /app/data/raw/reddit_data.csv
2025-05-04 03:05:46,570 - INFO -  Starte Reddit-Scraping...
2025-05-04 03:05:54,739 - INFO -  292 Einträge gespeichert unter /app/data/raw/reddit_data.csv
2025-05-04 06:03:13,723 - INFO -  Starte Reddit-Scraping...
2025-05-04 06:03:21,499 - INFO -  303 Einträge gespeichert unter /app/data/raw/reddit_data.csv
2025-05-04 06:29:12,079 - INFO -  Starte Reddit-Scraping...
2025-05-04 06:29:18,926 - INFO -  305 Einträge gespeichert unter /app/data/raw/reddit_data.csv
2025-05-04 08:04:07,276 - INFO -  Starte Reddit-Scraping...
2025-05-04 08:04:14,810 - INFO -  308 Einträge gespeichert unter /app/data/raw/reddit_data.csv
2025-05-04 08:52:44,745 - INFO -  Starte Reddit-Scraping...
2025-05-04 08:52:51,768 - INFO -  308 Einträge gespeichert unter /app/data/raw/reddit_data.csv
2025-05-04 08:57:13,335 - INFO -  Starte Reddit-Scraping...
2025-05-04 08:57:19,351 - INFO -  308 Einträge gespeichert unter /app/data/raw/reddit_data.csv
2025-05-04 08:59:38,198 - INFO -  Starte Reddit-Scraping...
2025-05-04 08:59:44,272 - INFO -  309 Einträge gespeichert unter /app/data/raw/reddit_data.csv
2025-05-04 09:07:06,957 - INFO -  Starte Reddit-Scraping...
2025-05-04 09:07:14,128 - INFO -  309 Einträge gespeichert unter /app/data/raw/reddit_data.csv
2025-05-04 09:28:38,870 - INFO -  Starte Reddit-Scraping...
2025-05-04 09:28:45,305 - INFO -  310 Einträge gespeichert unter /app/data/raw/reddit_data.csv
2025-05-04 09:46:17,901 - INFO -  Starte Reddit-Scraping...
2025-05-04 09:46:24,599 - INFO -  310 Einträge gespeichert unter /app/data/raw/reddit_data.csv
2025-05-04 09:54:41,171 - INFO -  Starte Reddit-Scraping...
2025-05-04 09:54:47,965 - INFO -  310 Einträge gespeichert unter /app/data/raw/reddit_data.csv
2025-05-04 10:22:05,093 - INFO -  Starte Reddit-Scraping...
2025-05-04 10:22:11,911 - INFO -  530 Einträge gespeichert unter /app/data/raw/reddit_data.csv
2025-05-04 10:40:29,032 - INFO -  Starte Reddit-Scraping...
2025-05-04 10:40:35,543 - INFO -  530 Einträge gespeichert unter /app/data/raw/reddit_data.csv
2025-05-04 10:52:52,835 - INFO -  Starte Reddit-Scraping...
2025-05-04 10:53:00,022 - INFO -  530 Einträge gespeichert unter /app/data/raw/reddit_data.csv
2025-05-04 11:35:13,171 - INFO -  Starte Reddit-Scraping...
2025-05-04 11:35:19,908 - INFO -  531 Einträge gespeichert unter /app/data/raw/reddit_data.csv
2025-05-04 12:04:23,754 - INFO -  Starte Reddit-Scraping...
2025-05-04 12:04:30,633 - INFO -  532 Einträge gespeichert unter /app/data/raw/reddit_data.csv
2025-05-04 14:23:36,898 - INFO -  Starte Reddit-Scraping...
2025-05-04 14:23:43,376 - INFO -  535 Einträge gespeichert unter /app/data/raw/reddit_data.csv
2025-05-04 14:44:11,161 - INFO -  Starte Reddit-Scraping...
2025-05-04 14:44:17,277 - INFO -  539 Einträge gespeichert unter /app/data/raw/reddit_data.csv
2025-05-04 14:52:32,949 - INFO -  Starte Reddit-Scraping...
2025-05-04 14:52:40,331 - INFO -  542 Einträge gespeichert unter /app/data/raw/reddit_data.csv
2025-05-04 16:58:29,368 - INFO -  Starte Reddit-Scraping...
2025-05-04 16:58:36,350 - INFO -  547 Einträge gespeichert unter /app/data/raw/reddit_data.csv
2025-05-04 17:33:09,119 - INFO -  Starte Reddit-Scraping...
2025-05-04 17:33:15,897 - INFO -  554 Einträge gespeichert unter /app/data/raw/reddit_data.csv
2025-05-04 17:35:02,124 - INFO -  Starte Reddit-Scraping...
2025-05-04 17:35:17,550 - INFO -  554 Einträge gespeichert unter /app/data/raw/reddit_data.csv
2025-05-07 11:03:58,050 - INFO - Starte Reddit-Scraping...
2025-05-07 11:04:04,735 - INFO - 125 Eintr�ge gespeichert unter ..\app\data\raw\reddit_data.csv
2025-05-09 11:06:01,086 - INFO -  Starte Reddit-Scraping...
2025-05-09 11:06:08,061 - INFO -  624 Einträge gespeichert unter /app/data/raw/reddit_data.csv
2025-05-09 11:14:27,909 - INFO -  Starte Reddit-Scraping...
2025-05-09 11:14:34,118 - INFO -  627 Einträge gespeichert unter /app/data/raw/reddit_data.csv
2025-05-09 11:29:51,716 - INFO -  Starte Reddit-Scraping...
2025-05-09 11:29:58,768 - INFO -  629 Einträge gespeichert unter /app/data/raw/reddit_data.csv
2025-05-09 11:43:22,229 - INFO -  Starte Reddit-Scraping...
2025-05-09 11:43:29,187 - INFO -  632 Einträge gespeichert unter /app/data/raw/reddit_data.csv
2025-05-09 11:55:47,720 - INFO -  Starte Reddit-Scraping...
2025-05-09 11:55:53,772 - INFO -  632 Einträge gespeichert unter /app/data/raw/reddit_data.csv
2025-05-09 12:48:16,905 - INFO -  Starte Reddit-Scraping...
2025-05-09 12:48:23,242 - INFO -  634 Einträge gespeichert unter /app/data/raw/reddit_data.csv
2025-05-09 13:20:44,126 - INFO -  Starte Reddit-Scraping...
2025-05-09 13:20:50,519 - INFO -  636 Einträge gespeichert unter /app/data/raw/reddit_data.csv
2025-05-09 13:44:10,750 - INFO -  Starte Reddit-Scraping...
2025-05-09 13:44:17,272 - INFO -  636 Einträge gespeichert unter /app/data/raw/reddit_data.csv
2025-05-09 13:56:35,079 - INFO -  Starte Reddit-Scraping...
2025-05-09 13:56:41,547 - INFO -  638 Einträge gespeichert unter /app/data/raw/reddit_data.csv
2025-05-09 14:38:17,113 - INFO -  Starte Reddit-Scraping...
2025-05-09 14:38:45,508 - INFO -  639 Einträge gespeichert unter /app/data/raw/reddit_data.csv
2025-05-09 14:44:20,578 - INFO -  Starte Reddit-Scraping...
2025-05-09 14:44:27,269 - INFO -  639 Einträge gespeichert unter /app/data/raw/reddit_data.csv
2025-05-09 14:56:42,049 - INFO -  Starte Reddit-Scraping...
2025-05-09 14:56:48,599 - INFO -  641 Einträge gespeichert unter /app/data/raw/reddit_data.csv
2025-05-09 15:09:04,720 - INFO -  Starte Reddit-Scraping...
2025-05-09 15:09:11,640 - INFO -  642 Einträge gespeichert unter /app/data/raw/reddit_data.csv
2025-05-09 15:27:29,950 - INFO -  Starte Reddit-Scraping...
2025-05-09 15:27:36,341 - INFO -  642 Einträge gespeichert unter /app/data/raw/reddit_data.csv
2025-05-09 15:43:53,254 - INFO -  Starte Reddit-Scraping...
2025-05-09 15:43:59,693 - INFO -  642 Einträge gespeichert unter /app/data/raw/reddit_data.csv
2025-05-09 15:56:18,826 - INFO -  Starte Reddit-Scraping...
2025-05-09 15:56:25,505 - INFO -  642 Einträge gespeichert unter /app/data/raw/reddit_data.csv
2025-05-09 16:31:47,960 - INFO -  Starte Reddit-Scraping...
2025-05-09 16:31:54,239 - INFO -  644 Einträge gespeichert unter /app/data/raw/reddit_data.csv
2025-05-09 16:50:16,677 - INFO -  Starte Reddit-Scraping...
2025-05-09 16:50:23,410 - INFO -  645 Einträge gespeichert unter /app/data/raw/reddit_data.csv
2025-05-10 08:53:54,286 - INFO -  Starte Reddit-Scraping...
2025-05-10 08:54:01,323 - INFO -  657 Einträge gespeichert unter /app/data/raw/reddit_data.csv
2025-05-10 08:55:21,852 - INFO -  Starte Reddit-Scraping...
2025-05-10 08:55:28,564 - INFO -  660 Einträge gespeichert unter /app/data/raw/reddit_data.csv
2025-05-10 09:19:45,993 - INFO -  Starte Reddit-Scraping...
2025-05-10 09:19:52,870 - INFO -  661 Einträge gespeichert unter /app/data/raw/reddit_data.csv
2025-05-10 09:35:08,426 - INFO -  Starte Reddit-Scraping...
2025-05-10 09:35:15,094 - INFO -  661 Einträge gespeichert unter /app/data/raw/reddit_data.csv
2025-05-10 09:47:32,137 - INFO -  Starte Reddit-Scraping...
2025-05-10 09:47:38,823 - INFO -  662 Einträge gespeichert unter /app/data/raw/reddit_data.csv
2025-05-10 09:59:54,127 - INFO -  Starte Reddit-Scraping...
2025-05-10 10:00:00,752 - INFO -  661 Einträge gespeichert unter /app/data/raw/reddit_data.csv
2025-05-10 10:29:28,175 - INFO -  Starte Reddit-Scraping...
2025-05-10 10:29:34,817 - INFO -  662 Einträge gespeichert unter /app/data/raw/reddit_data.csv
2025-05-10 11:11:31,937 - INFO -  Starte Reddit-Scraping...
2025-05-10 11:11:40,841 - INFO -  662 Einträge gespeichert unter /app/data/raw/reddit_data.csv
2025-05-10 11:17:09,584 - INFO -  Starte Reddit-Scraping...
2025-05-10 11:17:17,327 - INFO -  662 Einträge gespeichert unter /app/data/raw/reddit_data.csv
2025-05-10 11:21:37,293 - INFO -  Starte Reddit-Scraping...
2025-05-10 11:21:46,259 - INFO -  662 Einträge gespeichert unter /app/data/raw/reddit_data.csv
2025-05-10 11:36:28,601 - INFO -  Starte Reddit-Scraping...
2025-05-10 11:36:51,481 - INFO -  662 Einträge gespeichert unter /app/data/raw/reddit_data.csv
2025-05-10 11:48:22,104 - INFO -  Starte Reddit-Scraping...
2025-05-10 11:48:29,412 - INFO -  662 Einträge gespeichert unter /app/data/raw/reddit_data.csv
2025-05-10 12:01:38,990 - INFO -  Starte Reddit-Scraping...
2025-05-10 12:01:46,430 - INFO -  662 Einträge gespeichert unter /app/data/raw/reddit_data.csv
2025-05-10 13:38:43,469 - INFO -  Starte Reddit-Scraping...
2025-05-10 13:38:51,359 - INFO -  667 Einträge gespeichert unter /app/data/raw/reddit_data.csv
2025-05-10 13:51:32,223 - INFO -  Starte Reddit-Scraping...
2025-05-10 13:51:38,775 - INFO -  668 Einträge gespeichert unter /app/data/raw/reddit_data.csv
2025-05-10 14:12:38,644 - INFO -  Starte Reddit-Scraping...
2025-05-10 14:12:46,530 - INFO -  670 Einträge gespeichert unter /app/data/raw/reddit_data.csv
2025-05-10 14:22:17,241 - INFO -  Starte Reddit-Scraping...
2025-05-10 14:22:24,552 - INFO -  672 Einträge gespeichert unter /app/data/raw/reddit_data.csv
2025-05-10 14:45:04,115 - INFO -  Starte Reddit-Scraping...
2025-05-10 14:45:15,615 - INFO -  672 Einträge gespeichert unter /app/data/raw/reddit_data.csv
2025-05-10 14:57:34,857 - INFO -  Starte Reddit-Scraping...
2025-05-10 14:57:41,476 - INFO -  673 Einträge gespeichert unter /app/data/raw/reddit_data.csv
Traceback (most recent call last):
  File "/Users/sofl3/Documents/TrendAnalyseSocialMedia/src/scheduler/jobs/reddit_scraper.py", line 2, in <module>
    import praw
ModuleNotFoundError: No module named 'praw'
2025-05-10 15:25:50,558 - INFO -  Starte Reddit-Scraping...
2025-05-10 15:25:57,212 - INFO -  674 Einträge gespeichert unter /app/data/raw/reddit_data.csv
2025-05-10 15:53:09,917 - INFO -  Starte Reddit-Scraping...
2025-05-10 15:53:17,671 - INFO -  678 Einträge gespeichert unter /app/data/raw/reddit_data.csv
2025-05-10 16:44:02,487 - INFO -  Starte Reddit-Scraping...
2025-05-10 16:44:15,196 - INFO -  679 Einträge gespeichert unter /app/data/raw/reddit_data.csv
2025-05-10 17:10:52,038 - INFO -  Starte Reddit-Scraping...
2025-05-10 17:11:00,389 - INFO -  680 Einträge gespeichert unter /app/data/raw/reddit_data.csv
2025-05-10 17:15:24,173 - INFO -  Starte Reddit-Scraping...
2025-05-10 17:15:31,207 - INFO -  682 Einträge gespeichert unter /app/data/raw/reddit_data.csv
2025-05-10 18:02:32,910 - INFO -  Starte Reddit-Scraping...
2025-05-10 18:02:32,980 - INFO -  Starte Reddit-Scraping...
2025-05-10 18:02:40,376 - INFO -  685 Einträge gespeichert unter /app/data/raw/reddit_data.csv
2025-05-10 18:02:41,383 - INFO -  685 Einträge gespeichert unter /app/data/raw/reddit_data.csv
2025-05-10 20:46:25,842 - INFO -  Starte Reddit-Scraping...
2025-05-10 20:46:39,340 - INFO -  686 Einträge gespeichert unter /app/data/raw/reddit_data.csv
2025-05-11 09:45:32,015 - INFO -  Starte Reddit-Scraping...
2025-05-11 09:45:38,971 - INFO -  132 Einträge gespeichert unter /app/data/raw/reddit_data.csv
2025-05-11 09:46:12,209 - INFO -  Starte Reddit-Scraping...
2025-05-11 09:46:18,559 - INFO -  132 Einträge gespeichert unter /app/data/raw/reddit_data.csv
2025-05-11 09:47:00,861 - INFO -  Starte Reddit-Scraping...
2025-05-11 09:47:01,873 - INFO -  Starte Reddit-Scraping...
2025-05-11 09:47:07,413 - INFO -  132 Einträge gespeichert unter /app/data/raw/reddit_data.csv
2025-05-11 09:47:08,449 - INFO -  132 Einträge gespeichert unter /app/data/raw/reddit_data.csv
2025-05-11 09:56:33,821 - INFO -  Starte Reddit-Scraping...
2025-05-11 09:56:39,646 - INFO -  132 Einträge gespeichert unter /app/data/raw/reddit_data.csv
2025-05-11 10:26:57,421 - INFO -  Starte Reddit-Scraping...
2025-05-11 10:27:03,694 - INFO -  131 Einträge gespeichert unter /app/data/raw/reddit_data.csv
2025-05-11 10:41:58,723 - INFO -  Starte Reddit-Scraping...
2025-05-11 10:42:04,993 - INFO -  698 Einträge gespeichert unter /app/data/raw/reddit_data.csv
2025-05-11 10:47:33,560 - INFO -  Starte Reddit-Scraping...
2025-05-11 10:47:40,305 - INFO -  698 Einträge gespeichert unter /app/data/raw/reddit_data.csv
2025-05-11 10:54:24,027 - INFO -  Starte Reddit-Scraping...
2025-05-11 10:54:31,052 - INFO -  698 Einträge gespeichert unter /app/data/raw/reddit_data.csv
2025-05-11 11:12:54,955 [ERROR] ❌ Fehler beim Reddit-Scraping: Required configuration setting 'client_id' missing. 
This setting can be provided in a praw.ini file, as a keyword argument to the Reddit class constructor, or as an environment variable.
Traceback (most recent call last):
  File "/app/src/scheduler/jobs/reddit_scraper.py", line 110, in <module>
    scrape_reddit_trending()
  File "/app/src/scheduler/jobs/reddit_scraper.py", line 51, in scrape_reddit_trending
    reddit = praw.Reddit(
             ^^^^^^^^^^^^
  File "/usr/local/lib/python3.11/site-packages/praw/util/deprecate_args.py", line 46, in wrapped
    return func(**dict(zip(_old_args, args)), **kwargs)
           ^^^^^^^^^^^^^^^^^^^^^^^^^^^^^^^^^^^^^^^^^^^^
  File "/usr/local/lib/python3.11/site-packages/praw/reddit.py", line 259, in __init__
    raise MissingRequiredAttributeException(
praw.exceptions.MissingRequiredAttributeException: Required configuration setting 'client_id' missing. 
This setting can be provided in a praw.ini file, as a keyword argument to the Reddit class constructor, or as an environment variable.
2025-05-11 11:14:19,945 - INFO -  Starte Reddit-Scraping...
2025-05-11 11:14:26,541 - INFO -  131 Einträge gespeichert unter /app/data/raw/reddit_data.csv
2025-05-11 11:16:26,023 - INFO -  Starte Reddit-Scraping...
2025-05-11 11:16:33,833 - INFO -  131 Einträge gespeichert unter /app/data/raw/reddit_data.csv
2025-05-11 11:28:53,947 - INFO -  Starte Reddit-Scraping...
2025-05-11 11:29:00,127 - INFO -  677 Einträge gespeichert unter /app/data/raw/reddit_data.csv
2025-05-11 11:43:36,497 - INFO -  Starte Reddit-Scraping...
2025-05-11 11:43:42,406 - INFO -  133 Einträge gespeichert unter /app/data/raw/reddit_data.csv
2025-05-11 11:47:57,481 - INFO -  Starte Reddit-Scraping...
2025-05-11 11:48:04,970 - INFO -  133 Einträge gespeichert unter /app/data/raw/reddit_data.csv
2025-05-11 11:48:36,454 - INFO -  Starte Reddit-Scraping...
2025-05-11 11:48:43,524 - INFO -  141 Einträge gespeichert unter /app/data/raw/reddit_data.csv
Traceback (most recent call last):
  File "/Users/sofl3/Documents/TrendAnalyseSocialMedia/src/scheduler/jobs/reddit_scraper.py", line 2, in <module>
    import praw
ModuleNotFoundError: No module named 'praw'
Traceback (most recent call last):
  File "/Users/sofl3/anaconda3/lib/python3.11/pathlib.py", line 1116, in mkdir
    os.mkdir(self, mode)
FileNotFoundError: [Errno 2] No such file or directory: '/app/logs'

During handling of the above exception, another exception occurred:

Traceback (most recent call last):
  File "/Users/sofl3/Documents/TrendAnalyseSocialMedia/src/scheduler/jobs/reddit_scraper.py", line 17, in <module>
    log_path.parent.mkdir(parents=True, exist_ok=True)
  File "/Users/sofl3/anaconda3/lib/python3.11/pathlib.py", line 1120, in mkdir
    self.parent.mkdir(parents=True, exist_ok=True)
  File "/Users/sofl3/anaconda3/lib/python3.11/pathlib.py", line 1116, in mkdir
    os.mkdir(self, mode)
OSError: [Errno 30] Read-only file system: '/app'
Traceback (most recent call last):
  File "/Users/sofl3/anaconda3/lib/python3.11/pathlib.py", line 1116, in mkdir
    os.mkdir(self, mode)
FileNotFoundError: [Errno 2] No such file or directory: '/app/logs'

During handling of the above exception, another exception occurred:

Traceback (most recent call last):
  File "/Users/sofl3/Documents/TrendAnalyseSocialMedia/src/scheduler/jobs/reddit_scraper.py", line 17, in <module>
    log_path.parent.mkdir(parents=True, exist_ok=True)
  File "/Users/sofl3/anaconda3/lib/python3.11/pathlib.py", line 1120, in mkdir
    self.parent.mkdir(parents=True, exist_ok=True)
  File "/Users/sofl3/anaconda3/lib/python3.11/pathlib.py", line 1116, in mkdir
    os.mkdir(self, mode)
OSError: [Errno 30] Read-only file system: '/app'
2025-05-11 12:10:47,481 - INFO -  Starte Reddit-Scraping...
2025-05-11 12:10:54,429 - INFO -  133 Einträge gespeichert unter /app/data/raw/reddit_data.csv
2025-05-11 12:13:13,476 - INFO -  Starte Reddit-Scraping...
2025-05-11 12:13:19,646 - INFO -  141 Einträge gespeichert unter /app/data/raw/reddit_data.csv
2025-05-11 12:14:42,128 - INFO -  Starte Reddit-Scraping...
2025-05-11 12:14:48,310 - INFO -  142 Einträge gespeichert unter /app/data/raw/reddit_data.csv
Traceback (most recent call last):
  File "/Users/sofl3/anaconda3/lib/python3.11/pathlib.py", line 1116, in mkdir
    os.mkdir(self, mode)
FileNotFoundError: [Errno 2] No such file or directory: '/app/logs'

During handling of the above exception, another exception occurred:

Traceback (most recent call last):
  File "/Users/sofl3/Documents/TrendAnalyseSocialMedia/src/scheduler/jobs/reddit_scraper.py", line 17, in <module>
    log_path.parent.mkdir(parents=True, exist_ok=True)
  File "/Users/sofl3/anaconda3/lib/python3.11/pathlib.py", line 1120, in mkdir
    self.parent.mkdir(parents=True, exist_ok=True)
  File "/Users/sofl3/anaconda3/lib/python3.11/pathlib.py", line 1116, in mkdir
    os.mkdir(self, mode)
OSError: [Errno 30] Read-only file system: '/app'
2025-05-11 12:27:06,437 - INFO -  Starte Reddit-Scraping...
2025-05-11 12:27:12,436 - INFO -  143 Einträge gespeichert unter /app/data/raw/reddit_data.csv
2025-05-11 12:36:08,499 - INFO -  Starte Reddit-Scraping...
2025-05-11 12:36:14,553 - INFO -  144 Einträge gespeichert unter /app/data/raw/reddit_data.csv
2025-05-11 12:48:21,423 - INFO -  Starte Reddit-Scraping...
2025-05-11 12:48:28,251 - INFO -  133 Einträge gespeichert unter /app/data/raw/reddit_data.csv
2025-05-11 13:05:11,263 - INFO -  Starte Reddit-Scraping...
2025-05-11 13:05:18,751 - INFO -  130 Einträge gespeichert unter /app/data/raw/reddit_data.csv
2025-05-11 13:11:14,947 - INFO -  Starte Reddit-Scraping...
2025-05-11 13:11:21,130 - INFO -  696 Einträge gespeichert unter /app/data/raw/reddit_data.csv
2025-05-11 13:13:35,496 - INFO -  Starte Reddit-Scraping...
2025-05-11 13:13:42,376 - INFO -  698 Einträge gespeichert unter /app/data/raw/reddit_data.csv
Traceback (most recent call last):
  File "/Users/sofl3/anaconda3/lib/python3.11/pathlib.py", line 1116, in mkdir
    os.mkdir(self, mode)
FileNotFoundError: [Errno 2] No such file or directory: '/app/logs'

During handling of the above exception, another exception occurred:

Traceback (most recent call last):
  File "/Users/sofl3/Documents/TrendAnalyseSocialMedia/src/scheduler/jobs/reddit_scraper.py", line 17, in <module>
    log_path.parent.mkdir(parents=True, exist_ok=True)
  File "/Users/sofl3/anaconda3/lib/python3.11/pathlib.py", line 1120, in mkdir
    self.parent.mkdir(parents=True, exist_ok=True)
  File "/Users/sofl3/anaconda3/lib/python3.11/pathlib.py", line 1116, in mkdir
    os.mkdir(self, mode)
OSError: [Errno 30] Read-only file system: '/app'
2025-05-11 13:15:03,957 - INFO -  Starte Reddit-Scraping...
2025-05-11 13:15:11,478 - INFO -  698 Einträge gespeichert unter /app/data/raw/reddit_data.csv
Traceback (most recent call last):
  File "/app/src/scheduler/jobs/reddit_scraper.py", line 2, in <module>
    import praw
ModuleNotFoundError: No module named 'praw'
Traceback (most recent call last):
  File "/app/src/scheduler/jobs/reddit_scraper.py", line 2, in <module>
    import praw
ModuleNotFoundError: No module named 'praw'
Traceback (most recent call last):
  File "/app/src/scheduler/jobs/reddit_scraper.py", line 2, in <module>
    import praw
ModuleNotFoundError: No module named 'praw'
Traceback (most recent call last):
  File "/app/src/scheduler/jobs/reddit_scraper.py", line 2, in <module>
    import praw
ModuleNotFoundError: No module named 'praw'
2025-05-11 13:48:47,701 - INFO -  Starte Reddit-Scraping...
2025-05-11 13:48:54,956 - INFO -  128 Einträge gespeichert unter /app/data/raw/reddit_data.csv
